This file contains any messages produced by compilers while
running configure, to aid debugging if configure makes a mistake.

It was created by stx-btree configure 0.9, which was
generated by GNU Autoconf 2.69.  Invocation command line was

  $ ./configure --prefix=/home/ubuntu/orion/deps

## --------- ##
## Platform. ##
## --------- ##

hostname = ubuntu-xenial
uname -m = x86_64
uname -r = 4.4.0-66-generic
uname -s = Linux
uname -v = #87-Ubuntu SMP Fri Mar 3 15:29:05 UTC 2017

/usr/bin/uname -p = unknown
/bin/uname -X     = unknown

/bin/arch              = unknown
/usr/bin/arch -k       = unknown
/usr/convex/getsysinfo = unknown
/usr/bin/hostinfo      = unknown
/bin/machine           = unknown
/usr/bin/oslevel       = unknown
/bin/universe          = unknown

PATH: /home/ubuntu/bin
PATH: /home/ubuntu/.local/bin
PATH: /usr/local/sbin
PATH: /usr/local/bin
PATH: /usr/sbin
PATH: /usr/bin
PATH: /sbin
PATH: /bin
PATH: /usr/games
PATH: /usr/local/games
PATH: /snap/bin


## ----------- ##
## Core tests. ##
## ----------- ##

configure:2123: checking build system type
configure:2137: result: x86_64-unknown-linux-gnu
configure:2157: checking host system type
configure:2170: result: x86_64-unknown-linux-gnu
configure:2207: checking for a BSD-compatible install
configure:2275: result: /usr/bin/install -c
configure:2286: checking whether build environment is sane
configure:2336: result: yes
configure:2477: checking for a thread-safe mkdir -p
configure:2516: result: /bin/mkdir -p
configure:2529: checking for gawk
configure:2545: found /usr/bin/gawk
configure:2556: result: gawk
configure:2567: checking whether make sets $(MAKE)
configure:2589: result: yes
configure:2670: checking whether to enable maintainer-specific portions of Makefiles
configure:2679: result: no
configure:2761: checking for g++
configure:2777: found /usr/bin/g++
configure:2788: result: g++
configure:2815: checking for C++ compiler version
configure:2824: g++ --version >&5
g++ (Ubuntu 5.4.0-6ubuntu1~16.04.4) 5.4.0 20160609
Copyright (C) 2015 Free Software Foundation, Inc.
This is free software; see the source for copying conditions.  There is NO
warranty; not even for MERCHANTABILITY or FITNESS FOR A PARTICULAR PURPOSE.

configure:2835: $? = 0
configure:2824: g++ -v >&5
Using built-in specs.
COLLECT_GCC=g++
COLLECT_LTO_WRAPPER=/usr/lib/gcc/x86_64-linux-gnu/5/lto-wrapper
Target: x86_64-linux-gnu
Configured with: ../src/configure -v --with-pkgversion='Ubuntu 5.4.0-6ubuntu1~16.04.4' --with-bugurl=file:///usr/share/doc/gcc-5/README.Bugs --enable-languages=c,ada,c++,java,go,d,fortran,objc,obj-c++ --prefix=/usr --program-suffix=-5 --enable-shared --enable-linker-build-id --libexecdir=/usr/lib --without-included-gettext --enable-threads=posix --libdir=/usr/lib --enable-nls --with-sysroot=/ --enable-clocale=gnu --enable-libstdcxx-debug --enable-libstdcxx-time=yes --with-default-libstdcxx-abi=new --enable-gnu-unique-object --disable-vtable-verify --enable-libmpx --enable-plugin --with-system-zlib --disable-browser-plugin --enable-java-awt=gtk --enable-gtk-cairo --with-java-home=/usr/lib/jvm/java-1.5.0-gcj-5-amd64/jre --enable-java-home --with-jvm-root-dir=/usr/lib/jvm/java-1.5.0-gcj-5-amd64 --with-jvm-jar-dir=/usr/lib/jvm-exports/java-1.5.0-gcj-5-amd64 --with-arch-directory=amd64 --with-ecj-jar=/usr/share/java/eclipse-ecj.jar --enable-objc-gc --enable-multiarch --disable-werror --with-arch-32=i686 --with-abi=m64 --with-multilib-list=m32,m64,mx32 --enable-multilib --with-tune=generic --enable-checking=release --build=x86_64-linux-gnu --host=x86_64-linux-gnu --target=x86_64-linux-gnu
Thread model: posix
gcc version 5.4.0 20160609 (Ubuntu 5.4.0-6ubuntu1~16.04.4) 
configure:2835: $? = 0
configure:2824: g++ -V >&5
g++: error: unrecognized command line option '-V'
g++: fatal error: no input files
compilation terminated.
configure:2835: $? = 1
configure:2824: g++ -qversion >&5
g++: error: unrecognized command line option '-qversion'
g++: fatal error: no input files
compilation terminated.
configure:2835: $? = 1
configure:2855: checking whether the C++ compiler works
configure:2877: g++ -g   conftest.cpp  >&5
configure:2881: $? = 0
configure:2929: result: yes
configure:2932: checking for C++ compiler default output file name
configure:2934: result: a.out
configure:2940: checking for suffix of executables
configure:2947: g++ -o conftest -g   conftest.cpp  >&5
configure:2951: $? = 0
configure:2973: result: 
configure:2995: checking whether we are cross compiling
configure:3003: g++ -o conftest -g   conftest.cpp  >&5
configure:3007: $? = 0
configure:3014: ./conftest
configure:3018: $? = 0
configure:3033: result: no
configure:3038: checking for suffix of object files
configure:3060: g++ -c -g  conftest.cpp >&5
configure:3064: $? = 0
configure:3085: result: o
configure:3089: checking whether we are using the GNU C++ compiler
configure:3108: g++ -c -g  conftest.cpp >&5
configure:3108: $? = 0
configure:3117: result: yes
configure:3126: checking whether g++ accepts -g
configure:3146: g++ -c -g  conftest.cpp >&5
configure:3146: $? = 0
configure:3187: result: yes
configure:3221: checking for style of include used by make
configure:3249: result: GNU
configure:3275: checking dependency style of g++
configure:3386: result: gcc3
configure:3449: checking for gcc
configure:3465: found /usr/bin/gcc
configure:3476: result: gcc
configure:3705: checking for C compiler version
configure:3714: gcc --version >&5
gcc (Ubuntu 5.4.0-6ubuntu1~16.04.4) 5.4.0 20160609
Copyright (C) 2015 Free Software Foundation, Inc.
This is free software; see the source for copying conditions.  There is NO
warranty; not even for MERCHANTABILITY or FITNESS FOR A PARTICULAR PURPOSE.

configure:3725: $? = 0
configure:3714: gcc -v >&5
Using built-in specs.
COLLECT_GCC=gcc
COLLECT_LTO_WRAPPER=/usr/lib/gcc/x86_64-linux-gnu/5/lto-wrapper
Target: x86_64-linux-gnu
Configured with: ../src/configure -v --with-pkgversion='Ubuntu 5.4.0-6ubuntu1~16.04.4' --with-bugurl=file:///usr/share/doc/gcc-5/README.Bugs --enable-languages=c,ada,c++,java,go,d,fortran,objc,obj-c++ --prefix=/usr --program-suffix=-5 --enable-shared --enable-linker-build-id --libexecdir=/usr/lib --without-included-gettext --enable-threads=posix --libdir=/usr/lib --enable-nls --with-sysroot=/ --enable-clocale=gnu --enable-libstdcxx-debug --enable-libstdcxx-time=yes --with-default-libstdcxx-abi=new --enable-gnu-unique-object --disable-vtable-verify --enable-libmpx --enable-plugin --with-system-zlib --disable-browser-plugin --enable-java-awt=gtk --enable-gtk-cairo --with-java-home=/usr/lib/jvm/java-1.5.0-gcj-5-amd64/jre --enable-java-home --with-jvm-root-dir=/usr/lib/jvm/java-1.5.0-gcj-5-amd64 --with-jvm-jar-dir=/usr/lib/jvm-exports/java-1.5.0-gcj-5-amd64 --with-arch-directory=amd64 --with-ecj-jar=/usr/share/java/eclipse-ecj.jar --enable-objc-gc --enable-multiarch --disable-werror --with-arch-32=i686 --with-abi=m64 --with-multilib-list=m32,m64,mx32 --enable-multilib --with-tune=generic --enable-checking=release --build=x86_64-linux-gnu --host=x86_64-linux-gnu --target=x86_64-linux-gnu
Thread model: posix
gcc version 5.4.0 20160609 (Ubuntu 5.4.0-6ubuntu1~16.04.4) 
configure:3725: $? = 0
configure:3714: gcc -V >&5
gcc: error: unrecognized command line option '-V'
gcc: fatal error: no input files
compilation terminated.
configure:3725: $? = 1
configure:3714: gcc -qversion >&5
gcc: error: unrecognized command line option '-qversion'
gcc: fatal error: no input files
compilation terminated.
configure:3725: $? = 1
configure:3729: checking whether we are using the GNU C compiler
configure:3748: gcc -c -g  conftest.c >&5
configure:3748: $? = 0
configure:3757: result: yes
configure:3766: checking whether gcc accepts -g
configure:3786: gcc -c -g  conftest.c >&5
configure:3786: $? = 0
configure:3827: result: yes
configure:3844: checking for gcc option to accept ISO C89
configure:3907: gcc  -c -g  conftest.c >&5
configure:3907: $? = 0
configure:3920: result: none needed
configure:3942: checking dependency style of gcc
configure:4053: result: gcc3
configure:4130: checking how to run the C++ preprocessor
configure:4157: g++ -E  conftest.cpp
configure:4157: $? = 0
configure:4171: g++ -E  conftest.cpp
conftest.cpp:11:28: fatal error: ac_nonexistent.h: No such file or directory
compilation terminated.
configure:4171: $? = 1
configure: failed program was:
| /* confdefs.h */
| #define PACKAGE_NAME "stx-btree"
| #define PACKAGE_TARNAME "stx-btree"
| #define PACKAGE_VERSION "0.9"
| #define PACKAGE_STRING "stx-btree 0.9"
| #define PACKAGE_BUGREPORT ""
| #define PACKAGE_URL ""
| #define PACKAGE "stx-btree"
| #define VERSION "0.9"
| /* end confdefs.h.  */
| #include <ac_nonexistent.h>
configure:4196: result: g++ -E
configure:4216: g++ -E  conftest.cpp
configure:4216: $? = 0
configure:4230: g++ -E  conftest.cpp
conftest.cpp:11:28: fatal error: ac_nonexistent.h: No such file or directory
compilation terminated.
configure:4230: $? = 1
configure: failed program was:
| /* confdefs.h */
| #define PACKAGE_NAME "stx-btree"
| #define PACKAGE_TARNAME "stx-btree"
| #define PACKAGE_VERSION "0.9"
| #define PACKAGE_STRING "stx-btree 0.9"
| #define PACKAGE_BUGREPORT ""
| #define PACKAGE_URL ""
| #define PACKAGE "stx-btree"
| #define VERSION "0.9"
| /* end confdefs.h.  */
| #include <ac_nonexistent.h>
configure:4259: checking for grep that handles long lines and -e
configure:4317: result: /bin/grep
configure:4322: checking for egrep
configure:4384: result: /bin/grep -E
configure:4389: checking for ANSI C header files
configure:4409: g++ -c -g  conftest.cpp >&5
configure:4409: $? = 0
configure:4482: g++ -o conftest -g   conftest.cpp  >&5
configure:4482: $? = 0
configure:4482: ./conftest
configure:4482: $? = 0
configure:4493: result: yes
configure:4508: checking for sys/types.h
configure:4508: g++ -c -g  conftest.cpp >&5
configure:4508: $? = 0
configure:4508: result: yes
configure:4508: checking for sys/stat.h
configure:4508: g++ -c -g  conftest.cpp >&5
configure:4508: $? = 0
configure:4508: result: yes
configure:4508: checking for stdlib.h
configure:4508: g++ -c -g  conftest.cpp >&5
configure:4508: $? = 0
configure:4508: result: yes
configure:4508: checking for string.h
configure:4508: g++ -c -g  conftest.cpp >&5
configure:4508: $? = 0
configure:4508: result: yes
configure:4508: checking for memory.h
configure:4508: g++ -c -g  conftest.cpp >&5
configure:4508: $? = 0
configure:4508: result: yes
configure:4508: checking for strings.h
configure:4508: g++ -c -g  conftest.cpp >&5
configure:4508: $? = 0
configure:4508: result: yes
configure:4508: checking for inttypes.h
configure:4508: g++ -c -g  conftest.cpp >&5
configure:4508: $? = 0
configure:4508: result: yes
configure:4508: checking for stdint.h
configure:4508: g++ -c -g  conftest.cpp >&5
configure:4508: $? = 0
configure:4508: result: yes
configure:4508: checking for unistd.h
configure:4508: g++ -c -g  conftest.cpp >&5
configure:4508: $? = 0
configure:4508: result: yes
configure:4520: checking for stdbool.h that conforms to C99
configure:4587: g++ -c -g  conftest.cpp >&5
configure:4587: $? = 0
configure:4594: result: yes
configure:4596: checking for _Bool
configure:4596: g++ -c -g  conftest.cpp >&5
conftest.cpp: In function 'int main()':
conftest.cpp:57:13: error: '_Bool' was not declared in this scope
 if (sizeof (_Bool))
             ^
configure:4596: $? = 1
configure: failed program was:
| /* confdefs.h */
| #define PACKAGE_NAME "stx-btree"
| #define PACKAGE_TARNAME "stx-btree"
| #define PACKAGE_VERSION "0.9"
| #define PACKAGE_STRING "stx-btree 0.9"
| #define PACKAGE_BUGREPORT ""
| #define PACKAGE_URL ""
| #define PACKAGE "stx-btree"
| #define VERSION "0.9"
| #define STDC_HEADERS 1
| #define HAVE_SYS_TYPES_H 1
| #define HAVE_SYS_STAT_H 1
| #define HAVE_STDLIB_H 1
| #define HAVE_STRING_H 1
| #define HAVE_MEMORY_H 1
| #define HAVE_STRINGS_H 1
| #define HAVE_INTTYPES_H 1
| #define HAVE_STDINT_H 1
| #define HAVE_UNISTD_H 1
| /* end confdefs.h.  */
| #include <stdio.h>
| #ifdef HAVE_SYS_TYPES_H
| # include <sys/types.h>
| #endif
| #ifdef HAVE_SYS_STAT_H
| # include <sys/stat.h>
| #endif
| #ifdef STDC_HEADERS
| # include <stdlib.h>
| # include <stddef.h>
| #else
| # ifdef HAVE_STDLIB_H
| #  include <stdlib.h>
| # endif
| #endif
| #ifdef HAVE_STRING_H
| # if !defined STDC_HEADERS && defined HAVE_MEMORY_H
| #  include <memory.h>
| # endif
| # include <string.h>
| #endif
| #ifdef HAVE_STRINGS_H
| # include <strings.h>
| #endif
| #ifdef HAVE_INTTYPES_H
| # include <inttypes.h>
| #endif
| #ifdef HAVE_STDINT_H
| # include <stdint.h>
| #endif
| #ifdef HAVE_UNISTD_H
| # include <unistd.h>
| #endif
| int
| main ()
| {
| if (sizeof (_Bool))
| 	 return 0;
|   ;
|   return 0;
| }
configure:4596: result: no
configure:4613: checking for an ANSI C-conforming const
configure:4679: g++ -c -g  conftest.cpp >&5
configure:4679: $? = 0
configure:4686: result: yes
configure:4694: checking for inline
configure:4710: g++ -c -g  conftest.cpp >&5
configure:4710: $? = 0
configure:4718: result: inline
configure:4736: checking for size_t
configure:4736: g++ -c -g  conftest.cpp >&5
configure:4736: $? = 0
configure:4736: g++ -c -g  conftest.cpp >&5
conftest.cpp: In function 'int main()':
conftest.cpp:58:20: error: expected primary-expression before ')' token
 if (sizeof ((size_t)))
                    ^
configure:4736: $? = 1
configure: failed program was:
| /* confdefs.h */
| #define PACKAGE_NAME "stx-btree"
| #define PACKAGE_TARNAME "stx-btree"
| #define PACKAGE_VERSION "0.9"
| #define PACKAGE_STRING "stx-btree 0.9"
| #define PACKAGE_BUGREPORT ""
| #define PACKAGE_URL ""
| #define PACKAGE "stx-btree"
| #define VERSION "0.9"
| #define STDC_HEADERS 1
| #define HAVE_SYS_TYPES_H 1
| #define HAVE_SYS_STAT_H 1
| #define HAVE_STDLIB_H 1
| #define HAVE_STRING_H 1
| #define HAVE_MEMORY_H 1
| #define HAVE_STRINGS_H 1
| #define HAVE_INTTYPES_H 1
| #define HAVE_STDINT_H 1
| #define HAVE_UNISTD_H 1
| #define HAVE_STDBOOL_H 1
| /* end confdefs.h.  */
| #include <stdio.h>
| #ifdef HAVE_SYS_TYPES_H
| # include <sys/types.h>
| #endif
| #ifdef HAVE_SYS_STAT_H
| # include <sys/stat.h>
| #endif
| #ifdef STDC_HEADERS
| # include <stdlib.h>
| # include <stddef.h>
| #else
| # ifdef HAVE_STDLIB_H
| #  include <stdlib.h>
| # endif
| #endif
| #ifdef HAVE_STRING_H
| # if !defined STDC_HEADERS && defined HAVE_MEMORY_H
| #  include <memory.h>
| # endif
| # include <string.h>
| #endif
| #ifdef HAVE_STRINGS_H
| # include <strings.h>
| #endif
| #ifdef HAVE_INTTYPES_H
| # include <inttypes.h>
| #endif
| #ifdef HAVE_STDINT_H
| # include <stdint.h>
| #endif
| #ifdef HAVE_UNISTD_H
| # include <unistd.h>
| #endif
| int
| main ()
| {
| if (sizeof ((size_t)))
| 	    return 0;
|   ;
|   return 0;
| }
configure:4736: result: yes
configure:4862: checking for wx-config
configure:4894: result: no
configure:5116: WARNING:
        wxWidgets does not seem to be installed on your system.
        The wxParserDemo will not be built!

        If you think wxWidgets >= 2.6.0 is installed,
        please check that wx-config is in path, the directory
        where wxWidgets libraries are installed (returned by
        'wx-config --libs' command) is in LD_LIBRARY_PATH or
        equivalent variable.
    
configure:5429: creating ./config.status

## ---------------------- ##
## Running config.status. ##
## ---------------------- ##

This file was extended by stx-btree config.status 0.9, which was
generated by GNU Autoconf 2.69.  Invocation command line was

  CONFIG_FILES    = 
  CONFIG_HEADERS  = 
  CONFIG_LINKS    = 
  CONFIG_COMMANDS = 
  $ ./config.status 

on ubuntu-xenial

config.status:816: creating Makefile
config.status:816: creating include/Makefile
config.status:816: creating testsuite/Makefile
config.status:816: creating speedtest/Makefile
config.status:816: creating memprofile/Makefile
config.status:816: creating wxbtreedemo/Makefile
config.status:988: executing depfiles commands

## ---------------- ##
## Cache variables. ##
## ---------------- ##

ac_cv_build=x86_64-unknown-linux-gnu
ac_cv_c_compiler_gnu=yes
ac_cv_c_const=yes
ac_cv_c_inline=inline
ac_cv_cxx_compiler_gnu=yes
ac_cv_env_CCC_set=
ac_cv_env_CCC_value=
ac_cv_env_CC_set=
ac_cv_env_CC_value=
ac_cv_env_CFLAGS_set=
ac_cv_env_CFLAGS_value=
ac_cv_env_CPPFLAGS_set=
ac_cv_env_CPPFLAGS_value=
ac_cv_env_CXXCPP_set=
ac_cv_env_CXXCPP_value=
ac_cv_env_CXXFLAGS_set=
ac_cv_env_CXXFLAGS_value=
ac_cv_env_CXX_set=
ac_cv_env_CXX_value=
ac_cv_env_LDFLAGS_set=
ac_cv_env_LDFLAGS_value=
ac_cv_env_LIBS_set=
ac_cv_env_LIBS_value=
ac_cv_env_build_alias_set=
ac_cv_env_build_alias_value=
ac_cv_env_host_alias_set=
ac_cv_env_host_alias_value=
ac_cv_env_target_alias_set=
ac_cv_env_target_alias_value=
ac_cv_header_inttypes_h=yes
ac_cv_header_memory_h=yes
ac_cv_header_stdbool_h=yes
ac_cv_header_stdc=yes
ac_cv_header_stdint_h=yes
ac_cv_header_stdlib_h=yes
ac_cv_header_string_h=yes
ac_cv_header_strings_h=yes
ac_cv_header_sys_stat_h=yes
ac_cv_header_sys_types_h=yes
ac_cv_header_unistd_h=yes
ac_cv_host=x86_64-unknown-linux-gnu
ac_cv_objext=o
ac_cv_path_EGREP='/bin/grep -E'
ac_cv_path_GREP=/bin/grep
ac_cv_path_WX_CONFIG_PATH=no
ac_cv_path_install='/usr/bin/install -c'
ac_cv_path_mkdir=/bin/mkdir
ac_cv_prog_AWK=gawk
ac_cv_prog_CXXCPP='g++ -E'
ac_cv_prog_ac_ct_CC=gcc
ac_cv_prog_ac_ct_CXX=g++
ac_cv_prog_cc_c89=
ac_cv_prog_cc_g=yes
ac_cv_prog_cxx_g=yes
ac_cv_prog_make_make_set=yes
ac_cv_type__Bool=no
ac_cv_type_size_t=yes
am_cv_CC_dependencies_compiler_type=gcc3
am_cv_CXX_dependencies_compiler_type=gcc3

## ----------------- ##
## Output variables. ##
## ----------------- ##

ACLOCAL='${SHELL} /home/ubuntu/orion/deps/stx-btree/scripts/missing --run aclocal-1.11'
AMDEPBACKSLASH='\'
AMDEP_FALSE='#'
AMDEP_TRUE=''
AMTAR='$${TAR-tar}'
AUTOCONF='${SHELL} /home/ubuntu/orion/deps/stx-btree/scripts/missing --run autoconf'
AUTOHEADER='${SHELL} /home/ubuntu/orion/deps/stx-btree/scripts/missing --run autoheader'
AUTOMAKE='${SHELL} /home/ubuntu/orion/deps/stx-btree/scripts/missing --run automake-1.11'
AWK='gawk'
BUILD_SPEEDTEST_FALSE=''
BUILD_SPEEDTEST_TRUE='#'
CC='gcc'
CCDEPMODE='depmode=gcc3'
CFLAGS='-g'
CPPFLAGS=''
CXX='g++'
CXXCPP='g++ -E'
CXXDEPMODE='depmode=gcc3'
CXXFLAGS='-g'
CYGPATH_W='echo'
DEFS='-DPACKAGE_NAME=\"stx-btree\" -DPACKAGE_TARNAME=\"stx-btree\" -DPACKAGE_VERSION=\"0.9\" -DPACKAGE_STRING=\"stx-btree\ 0.9\" -DPACKAGE_BUGREPORT=\"\" -DPACKAGE_URL=\"\" -DPACKAGE=\"stx-btree\" -DVERSION=\"0.9\" -DSTDC_HEADERS=1 -DHAVE_SYS_TYPES_H=1 -DHAVE_SYS_STAT_H=1 -DHAVE_STDLIB_H=1 -DHAVE_STRING_H=1 -DHAVE_MEMORY_H=1 -DHAVE_STRINGS_H=1 -DHAVE_INTTYPES_H=1 -DHAVE_STDINT_H=1 -DHAVE_UNISTD_H=1 -DHAVE_STDBOOL_H=1'
DEPDIR='.deps'
ECHO_C=''
ECHO_N='-n'
ECHO_T=''
EGREP='/bin/grep -E'
EXEEXT=''
GCOV_FALSE=''
GCOV_TRUE='#'
GOT_RESCOMP_FALSE=''
GOT_RESCOMP_TRUE='#'
GREP='/bin/grep'
HAVE_WXWIDGETS_FALSE=''
HAVE_WXWIDGETS_TRUE='#'
INSTALL_DATA='${INSTALL} -m 644'
INSTALL_PROGRAM='${INSTALL}'
INSTALL_SCRIPT='${INSTALL}'
INSTALL_STRIP_PROGRAM='$(install_sh) -c -s'
LDFLAGS=''
LIBOBJS=''
LIBS=''
LTLIBOBJS=''
MAINT='#'
MAINTAINER_MODE_FALSE=''
MAINTAINER_MODE_TRUE='#'
MAKEINFO='${SHELL} /home/ubuntu/orion/deps/stx-btree/scripts/missing --run makeinfo'
MKDIR_P='/bin/mkdir -p'
OBJEXT='o'
PACKAGE='stx-btree'
PACKAGE_BUGREPORT=''
PACKAGE_NAME='stx-btree'
PACKAGE_STRING='stx-btree 0.9'
PACKAGE_TARNAME='stx-btree'
PACKAGE_URL=''
PACKAGE_VERSION='0.9'
PATH_SEPARATOR=':'
RESCOMP=''
SET_MAKE=''
SHELL='/bin/bash'
STRIP=''
VERSION='0.9'
WX_CFLAGS=''
WX_CFLAGS_ONLY=''
WX_CONFIG_PATH='no'
WX_CPPFLAGS=''
WX_CXXFLAGS=''
WX_CXXFLAGS_ONLY=''
WX_LIBS=''
WX_LIBS_STATIC=''
WX_RESCOMP=''
WX_VERSION=''
WX_VERSION_MAJOR=''
WX_VERSION_MICRO=''
WX_VERSION_MINOR=''
ac_ct_CC='gcc'
ac_ct_CXX='g++'
am__EXEEXT_FALSE=''
am__EXEEXT_TRUE='#'
am__fastdepCC_FALSE='#'
am__fastdepCC_TRUE=''
am__fastdepCXX_FALSE='#'
am__fastdepCXX_TRUE=''
am__include='include'
am__isrc=''
am__leading_dot='.'
am__nodep='_no'
am__quote=''
am__tar='$${TAR-tar} chof - "$$tardir"'
am__untar='$${TAR-tar} xf -'
bindir='${exec_prefix}/bin'
build='x86_64-unknown-linux-gnu'
build_alias=''
build_cpu='x86_64'
build_os='linux-gnu'
build_vendor='unknown'
datadir='${datarootdir}'
datarootdir='${prefix}/share'
docdir='${datarootdir}/doc/${PACKAGE_TARNAME}'
dvidir='${docdir}'
exec_prefix='${prefix}'
host='x86_64-unknown-linux-gnu'
host_alias=''
host_cpu='x86_64'
host_os='linux-gnu'
host_vendor='unknown'
htmldir='${docdir}'
includedir='${prefix}/include'
infodir='${datarootdir}/info'
install_sh='${SHELL} /home/ubuntu/orion/deps/stx-btree/scripts/install-sh'
libdir='${exec_prefix}/lib'
libexecdir='${exec_prefix}/libexec'
localedir='${datarootdir}/locale'
localstatedir='${prefix}/var'
mandir='${datarootdir}/man'
mkdir_p='/bin/mkdir -p'
oldincludedir='/usr/include'
pdfdir='${docdir}'
prefix='/home/ubuntu/orion/deps'
program_transform_name='s,x,x,'
psdir='${docdir}'
sbindir='${exec_prefix}/sbin'
sharedstatedir='${prefix}/com'
sysconfdir='${prefix}/etc'
target_alias=''

## ----------- ##
## confdefs.h. ##
## ----------- ##

/* confdefs.h */
#define PACKAGE_NAME "stx-btree"
#define PACKAGE_TARNAME "stx-btree"
#define PACKAGE_VERSION "0.9"
#define PACKAGE_STRING "stx-btree 0.9"
#define PACKAGE_BUGREPORT ""
#define PACKAGE_URL ""
#define PACKAGE "stx-btree"
#define VERSION "0.9"
#define STDC_HEADERS 1
#define HAVE_SYS_TYPES_H 1
#define HAVE_SYS_STAT_H 1
#define HAVE_STDLIB_H 1
#define HAVE_STRING_H 1
#define HAVE_MEMORY_H 1
#define HAVE_STRINGS_H 1
#define HAVE_INTTYPES_H 1
#define HAVE_STDINT_H 1
#define HAVE_UNISTD_H 1
#define HAVE_STDBOOL_H 1

configure: exit 0
